###############################################################
#  Generated by:      Cadence Innovus 17.11-s080_1
#  OS:                Linux x86_64(Host ID lab1-35.eng.utah.edu)
#  Generated on:      Mon Dec  7 21:15:05 2020
#  Design:            edge_detection_top_pads
#  Command:           report_timing > ${rpt_dir}/timing_final.rpt
###############################################################
Path 1: VIOLATED Setup Check with Pin dut/iBMCC/iGrayscaledFrameBufferMatrix3/q_
o_pixel_matrix_reg[47]/CLK 
Endpoint:   dut/iBMCC/iGrayscaledFrameBufferMatrix3/q_o_pixel_matrix_reg[47]/D 
(^) checked with  leading edge of 'I_CORE_CLK'
Beginpoint: dut/iBMCC/q_frame_buffer_write_enable_reg/QB                       
(^) triggered by  leading edge of 'I_CORE_CLK'
Path Groups: {I_CORE_CLK}
Analysis View: wc
Other End Arrival Time          0.002
- Setup                         0.261
+ Phase Shift                  10.000
= Required Time                 9.741
- Arrival Time                119.191
= Slack Time                  -109.451
     Clock Rise Edge                 0.000
     + Clock Network Latency (Prop)  0.144
     = Beginpoint Arrival Time       0.144
     +-------------------------------------------------------------------------------------------------------------+ 
     |                      Instance                      |      Arc      |   Cell   |  Delay | Arrival | Required | 
     |                                                    |               |          |        |  Time   |   Time   | 
     |----------------------------------------------------+---------------+----------+--------+---------+----------| 
     | dut/iBMCC/q_frame_buffer_write_enable_reg          | CLK ^         |          |        |   0.144 | -109.307 | 
     | dut/iBMCC/q_frame_buffer_write_enable_reg          | CLK ^ -> QB ^ | DFFQQBX1 |  0.740 |   0.884 | -108.567 | 
     | dut/iBMCC/U135                                     | B ^ -> Z v    | NAND2X1  |  0.110 |   0.994 | -108.456 | 
     | dut/iBMCC/U134                                     | B v -> Z ^    | NAND2X1  | 11.735 |  12.730 |  -96.721 | 
     | dut/iBMCC/iGrayscaledFrameBufferMatrix3/U523       | A ^ -> Z v    | INVX2    |  2.611 |  15.340 |  -94.110 | 
     | dut/iBMCC/iGrayscaledFrameBufferMatrix3/U501       | A v -> Z ^    | INVX2    | 11.755 |  27.096 |  -82.355 | 
     | dut/iBMCC/iGrayscaledFrameBufferMatrix3/U85819     | B ^ -> Z v    | NOR2X1   | 13.851 |  40.947 |  -68.504 | 
     | dut/iBMCC/iGrayscaledFrameBufferMatrix3/U229       | A v -> Z ^    | INVX2    |  3.480 |  44.427 |  -65.024 | 
     | dut/iBMCC/iGrayscaledFrameBufferMatrix3/U198       | A ^ -> Z v    | INVX2    |  9.988 |  54.415 |  -55.036 | 
     | dut/iBMCC/iGrayscaledFrameBufferMatrix3/U59723     | B v -> Z ^    | NOR2X1   | 16.713 |  71.128 |  -38.323 | 
     | dut/iBMCC/iGrayscaledFrameBufferMatrix3/U24        | A ^ -> Z v    | INVX1    |  1.507 |  72.635 |  -36.815 | 
     | dut/iBMCC/iGrayscaledFrameBufferMatrix3/U101       | A v -> Z ^    | INVX2    | 10.594 |  83.230 |  -26.221 | 
     | dut/iBMCC/iGrayscaledFrameBufferMatrix3/U34        | A ^ -> Z v    | INVX2    |  5.394 |  88.624 |  -20.827 | 
     | dut/iBMCC/iGrayscaledFrameBufferMatrix3/U87        | A v -> Z ^    | INVX1    | 19.363 | 107.987 |   -1.464 | 
     | dut/iBMCC/iGrayscaledFrameBufferMatrix3/U57556     | A ^ -> Z v    | NAND2X1  |  3.846 | 111.833 |    2.382 | 
     | dut/iBMCC/iGrayscaledFrameBufferMatrix3/U57555     | B v -> Z ^    | NAND2X1  |  1.658 | 113.491 |    4.040 | 
     | dut/iBMCC/iGrayscaledFrameBufferMatrix3/U48464     | B ^ -> Z v    | NAND2X1  |  0.587 | 114.078 |    4.628 | 
     | dut/iBMCC/iGrayscaledFrameBufferMatrix3/U48458     | B v -> Z ^    | NAND3X1  |  0.533 | 114.611 |    5.160 | 
     | dut/iBMCC/iGrayscaledFrameBufferMatrix3/U48457     | B ^ -> Z v    | NOR2X1   |  0.178 | 114.789 |    5.338 | 
     | dut/iBMCC/iGrayscaledFrameBufferMatrix3/U48413     | B v -> Z ^    | NAND3X1  |  0.167 | 114.956 |    5.505 | 
     | dut/iBMCC/iGrayscaledFrameBufferMatrix3/U48412     | B ^ -> Z v    | NOR2X1   |  0.597 | 115.552 |    6.102 | 
     | dut/iBMCC/iGrayscaledFrameBufferMatrix3/U48233     | A v -> Z v    | AND2X1   |  1.902 | 117.455 |    8.004 | 
     | dut/iBMCC/iGrayscaledFrameBufferMatrix3/U48232     | C v -> Z ^    | NAND3X1  |  1.044 | 118.499 |    9.048 | 
     | dut/iBMCC/iGrayscaledFrameBufferMatrix3/U46796     | A ^ -> Z ^    | OR2X1    |  0.291 | 118.790 |    9.339 | 
     | dut/iBMCC/iGrayscaledFrameBufferMatrix3/U46795     | B ^ -> Z v    | NAND2X1  |  0.081 | 118.871 |    9.420 | 
     | dut/iBMCC/iGrayscaledFrameBufferMatrix3/U46794     | B v -> Z ^    | NAND2X1  |  0.320 | 119.191 |    9.740 | 
     | dut/iBMCC/iGrayscaledFrameBufferMatrix3/q_o_pixel_ | D ^           | DFFQX1   |  0.000 | 119.191 |    9.741 | 
     | matrix_reg[47]                                     |               |          |        |         |          | 
     +-------------------------------------------------------------------------------------------------------------+ 

