 
****************************************
Report : area
Design : sobel
Version: K-2015.06-SP5-6
Date   : Mon Nov 30 11:51:31 2020
****************************************

Library(s) Used:

    sclib_tsmc180_ss (File: /research/ece/lnis-teaching/Designkits/tsmc180nm/full_custom_lib/lib/sclib_tsmc180_ss_nldm.db)

Number of ports:                          516
Number of nets:                          1545
Number of cells:                         1116
Number of combinational cells:           1051
Number of sequential cells:                52
Number of macros/black boxes:               0
Number of buf/inv:                        128
Number of references:                      22

Combinational area:              15417.619978
Buf/Inv area:                     1058.713623
Noncombinational area:            2618.716782
Macro/Black Box area:                0.000000
Net Interconnect area:      undefined  (No wire load specified)

Total cell area:                 18036.336760
Total area:                 undefined
1
